[00:18:24] (ERROR): <function error at 0x064C2268>
[00:18:57] (ERROR): <function error at 0x063B2268>
[00:21:10] (ERROR): <function error at 0x070451D8>
[00:21:31] (ERROR): <function error at 0x06BA2268>
[00:22:22] (ERROR): <function error at 0x064B4220>
[00:32:35] (ERROR): <function error at 0x067351D8>
[00:41:19] (ERROR): <function error at 0x067A3220>
[00:41:56] (ERROR): <function error at 0x06B73220>
[00:44:29] (ERROR): <function error at 0x066031D8>
[00:53:18] (ERROR): <function error at 0x07062220>
[00:54:26] (ERROR): <function error at 0x06362268>
[00:55:56] (ERROR): <function error at 0x064E21D8>
[00:56:11] (ERROR): <function error at 0x06912190>
[00:56:58] (ERROR): <function error at 0x06AB3340>
[00:58:08] (ERROR): <function error at 0x06642268>
[01:01:22] (ERROR): <function error at 0x06D92268>
[01:02:05] (ERROR): <function error at 0x06A122B0>
[01:02:05] (ERROR): <function error at 0x06A122B0>
[01:02:07] (ERROR): <function error at 0x06A122B0>
[01:08:35] (ERROR): <function error at 0x06694388>
[01:09:40] (ERROR): <function error at 0x064E4340>
[01:09:41] (ERROR): <function error at 0x064E4340>
[01:10:01] (ERROR): <function error at 0x06E94220>
[01:10:03] (ERROR): <function error at 0x06E94220>
[01:15:59] (ERROR): <function error at 0x06C03268>
[01:16:02] (ERROR): <function error at 0x06C03268>
[01:16:09] (ERROR): <function error at 0x06C03268>
[01:16:10] (ERROR): <function error at 0x06C03268>
[01:16:10] (ERROR): <function error at 0x06C03268>
[01:16:11] (ERROR): <function error at 0x06C03268>
[01:16:12] (ERROR): <function error at 0x06C03268>
[01:16:12] (ERROR): <function error at 0x06C03268>
[01:16:13] (ERROR): <function error at 0x06C03268>
[01:16:14] (ERROR): <function error at 0x06C03268>
[01:16:15] (ERROR): <function error at 0x06C03268>
[01:16:15] (ERROR): <function error at 0x06C03268>
[01:16:16] (ERROR): <function error at 0x06C03268>
[01:16:16] (ERROR): <function error at 0x06C03268>
[01:16:17] (ERROR): <function error at 0x06C03268>
[01:16:18] (ERROR): <function error at 0x06C03268>
[01:16:18] (ERROR): <function error at 0x06C03268>
[01:16:19] (ERROR): <function error at 0x06C03268>
[01:16:19] (ERROR): <function error at 0x06C03268>
[01:16:20] (ERROR): <function error at 0x06C03268>
[01:16:21] (ERROR): <function error at 0x06C03268>
[01:16:22] (ERROR): <function error at 0x06C03268>
[01:16:22] (ERROR): <function error at 0x06C03268>
[01:16:23] (ERROR): <function error at 0x06C03268>
[01:16:24] (ERROR): <function error at 0x06C03268>
[01:44:05] (ERROR): <function error at 0x06BE42F8>
[01:45:52] (ERROR): <function error at 0x064D3268>
[01:47:49] (ERROR): <function error at 0x06AA32F8>
[01:50:49] (ERROR): <function error at 0x070732F8>
[01:51:34] (ERROR): <function error at 0x065232F8>
[01:52:22] (ERROR): <function error at 0x07073220>
[01:56:09] (ERROR): <function error at 0x06383340>
[14:09:26] (ERROR): <function error at 0x070E3268>
[14:45:20] (ERROR): <function error at 0x065C5610>
[14:45:40] (ERROR): <function error at 0x070384A8>
[14:47:45] (ERROR): <function error at 0x07184610>
[14:48:47] (ERROR): <function error at 0x07099538>
[14:49:39] (ERROR): <function error at 0x06AE75C8>
[14:51:53] (ERROR): <function error at 0x06DD84F0>
[14:53:11] (ERROR): <function error at 0x06727580>
[14:53:42] (ERROR): <function error at 0x06A07580>
[14:54:13] (ERROR): <function error at 0x062E4658>
[14:58:34] (ERROR): <function error at 0x06AC84F0>
[15:03:19] (ERROR): 'Lsql' object has no attribute 'cursor'
 SQL:INSERT INTO blacklist_gifs VALUES ([(-1001827515480, 'AgAD8ycAAlBgQUk')])
[15:05:53] (ERROR): <function error at 0x068C84F0>
[15:08:18] (ERROR): <function error at 0x07147580>
[15:10:46] (ERROR): <function error at 0x06B175C8>
[15:10:58] (ERROR): <function error at 0x06B97538>
[15:15:12] (ERROR): <function error at 0x06CD6580>
[15:16:19] (ERROR): <function error at 0x068A6538>
[16:08:03] (ERROR): <function error at 0x066D75C8>
[16:12:37] (ERROR): <function error at 0x06287658>
[16:13:03] (ERROR): <function error at 0x06F376A0>
