[10:30:16] (ERROR): <function error at 0x06D77580>
[10:30:52] (ERROR): <function error at 0x06466580>
[10:31:04] (ERROR): <function error at 0x067B6538>
[10:34:26] (ERROR): <function error at 0x066F6580>
[10:34:59] (ERROR): <function error at 0x06746658>
[10:35:40] (ERROR): <function error at 0x067E66A0>
[10:36:41] (ERROR): <function error at 0x068D6538>
[10:37:15] (ERROR): <function error at 0x064E6580>
[10:38:12] (ERROR): <function error at 0x06D96658>
[10:39:04] (ERROR): <function error at 0x064D65C8>
[10:40:14] (ERROR): <function error at 0x06EF6580>
[11:05:06] (ERROR): <function error at 0x06AB66A0>
[11:18:40] (ERROR): <function error at 0x07176580>
[11:21:40] (ERROR): <function error at 0x064E6580>
[11:25:03] (ERROR): <function error at 0x064E6610>
[11:30:46] (ERROR): <function error at 0x06EA6610>
[11:34:14] (ERROR): <function error at 0x06FE6610>
[11:35:16] (ERROR): <function error at 0x06F264F0>
[12:57:03] (ERROR): <function error at 0x06359538>
[12:57:24] (ERROR): <function error at 0x06359538>
[12:58:10] (ERROR): <function error at 0x06359538>
[14:19:23] (ERROR): <function error at 0x06526610>
[17:09:29] (ERROR): <function error at 0x070775C8>
[17:10:43] (ERROR): <function error at 0x069A6610>
[17:11:20] (ERROR): <function error at 0x06406580>
[17:12:54] (ERROR): <function error at 0x06756730>
[17:37:59] (ERROR): <function error at 0x067865C8>
[17:57:26] (ERROR): <function error at 0x070966A0>
[17:59:53] (ERROR): <function error at 0x066366A0>
[18:07:16] (ERROR): <function error at 0x06846658>
[18:08:13] (ERROR): <function error at 0x06F66658>
[18:09:03] (ERROR): <function error at 0x06FE66A0>
[19:29:54] (ERROR): <function error at 0x066066A0>
[19:30:57] (ERROR): <function error at 0x068065C8>
[20:48:00] (ERROR): <function error at 0x06AF7610>
[20:49:14] (ERROR): <function error at 0x068C76E8>
[22:06:18] (ERROR): <function error at 0x0681B2F8>
[22:14:50] (ERROR): <function error at 0x06E3A2F8>
[22:16:26] (ERROR): <function error at 0x0652B2F8>
[22:21:40] (ERROR): <function error at 0x063BA2F8>
[22:39:17] (ERROR): <function error at 0x0694B2B0>
[22:40:54] (ERROR): <function error at 0x071CB340>
[22:43:01] (ERROR): <function error at 0x0671B340>
[22:48:31] (ERROR): <function error at 0x069DA388>
[22:49:57] (ERROR): <function error at 0x0630B2F8>
[22:50:51] (ERROR): <function error at 0x067DB388>
[22:51:49] (ERROR): <function error at 0x068DB2F8>
[22:53:23] (ERROR): <function error at 0x071DA340>
[23:17:26] (ERROR): <function error at 0x062EC220>
[23:42:43] (ERROR): <function error at 0x0705B340>
[23:50:20] (ERROR): <function error at 0x06BEA418>
[23:58:35] (ERROR): <function error at 0x068AA340>
