[00:16:48] (ERROR): <function error at 0x063792B0>
[00:17:51] (ERROR): <function error at 0x070BA2B0>
[00:26:56] (ERROR): <function error at 0x065593D0>
[00:27:37] (ERROR): <function error at 0x063B92B0>
[00:28:32] (ERROR): <function error at 0x06AEA340>
[00:28:57] (ERROR): <function error at 0x0705A418>
[00:28:58] (ERROR): <function error at 0x0705A418>
[00:32:51] (ERROR): <function error at 0x06D4B2F8>
[12:44:16] (ERROR): <function error at 0x04E043D0>
[12:44:18] (ERROR): <function error at 0x04E043D0>
[12:49:10] (ERROR): <function error at 0x06A313D0>
[12:50:23] (ERROR): <function error at 0x04EE24F0>
[12:54:48] (ERROR): <function error at 0x04614460>
[13:06:34] (ERROR): <function error at 0x046943D0>
[13:08:02] (ERROR): <function error at 0x05124388>
[13:27:00] (ERROR): <function error at 0x04F743D0>
[14:25:46] (ERROR): <function error at 0x050F4388>
[14:28:12] (ERROR): <function error at 0x04664340>
[14:41:48] (ERROR): <function error at 0x04EF4388>
[14:51:22] (ERROR): <function error at 0x04F14340>
[14:52:51] (ERROR): <function error at 0x046D42F8>
[14:56:18] (ERROR): <function error at 0x05094418>
[17:55:59] (ERROR): <function error at 0x04954418>
