[16:50:45] (ERROR): <function error at 0x04A34538>
[17:03:35] (ERROR): <function error at 0x04EC54F0>
[19:43:49] (ERROR): <function error at 0x048764F0>
[19:43:49] (ERROR): <function error at 0x048764F0>
[19:43:49] (ERROR): <function error at 0x048764F0>
[19:43:55] (ERROR): <function error at 0x048764F0>
[19:47:23] (ERROR): <function error at 0x05262610>
[19:47:23] (ERROR): <function error at 0x05262610>
[19:47:23] (ERROR): <function error at 0x05262610>
[19:47:23] (ERROR): <function error at 0x05262610>
[19:47:23] (ERROR): <function error at 0x05262610>
[19:47:23] (ERROR): <function error at 0x05262610>
[19:47:29] (ERROR): <function error at 0x05262610>
[19:47:37] (ERROR): <function error at 0x05262610>
[19:49:24] (ERROR): <function error at 0x04AD4538>
[19:49:24] (ERROR): <function error at 0x04AD4538>
[19:51:51] (ERROR): <function error at 0x04D74538>
[19:51:51] (ERROR): <function error at 0x04D74538>
[19:51:51] (ERROR): <function error at 0x04D74538>
[19:51:51] (ERROR): <function error at 0x04D74538>
[19:51:51] (ERROR): <function error at 0x04D74538>
[19:51:51] (ERROR): <function error at 0x04D74538>
[19:51:51] (ERROR): <function error at 0x04D74538>
[19:51:51] (ERROR): <function error at 0x04D74538>
[19:51:51] (ERROR): <function error at 0x04D74538>
[19:51:51] (ERROR): <function error at 0x04D74538>
[19:51:51] (ERROR): <function error at 0x04D74538>
[19:51:51] (ERROR): <function error at 0x04D74538>
[19:51:51] (ERROR): <function error at 0x04D74538>
[19:51:51] (ERROR): <function error at 0x04D74538>
[19:51:51] (ERROR): <function error at 0x04D74538>
[19:51:51] (ERROR): <function error at 0x04D74538>
[19:51:51] (ERROR): <function error at 0x04D74538>
[19:51:51] (ERROR): <function error at 0x04D74538>
[19:51:51] (ERROR): <function error at 0x04D74538>
[19:51:51] (ERROR): <function error at 0x04D74538>
[19:51:51] (ERROR): <function error at 0x04D74538>
[20:03:08] (ERROR): <function error at 0x046135C8>
[20:03:08] (ERROR): <function error at 0x046135C8>
[20:03:08] (ERROR): <function error at 0x046135C8>
[20:03:08] (ERROR): <function error at 0x046135C8>
[20:03:08] (ERROR): <function error at 0x046135C8>
[20:03:08] (ERROR): <function error at 0x046135C8>
[20:03:08] (ERROR): <function error at 0x046135C8>
[20:03:08] (ERROR): <function error at 0x046135C8>
[20:03:08] (ERROR): <function error at 0x046135C8>
[20:17:02] (ERROR): <function error at 0x050554A8>
[20:17:03] (ERROR): <function error at 0x050554A8>
[20:17:03] (ERROR): <function error at 0x050554A8>
[20:17:03] (ERROR): <function error at 0x050554A8>
[20:17:03] (ERROR): <function error at 0x050554A8>
[20:17:03] (ERROR): <function error at 0x050554A8>
[20:43:33] (ERROR): <function error at 0x04FB3538>
[20:44:44] (ERROR): <function error at 0x04DA35C8>
[20:47:32] (ERROR): <function error at 0x049A3610>
[20:47:41] (ERROR): <function error at 0x049A3610>
[20:47:54] (ERROR): <function error at 0x049A3610>
[21:08:08] (ERROR): <function error at 0x04E71610>
[21:12:57] (ERROR): <function error at 0x04762658>
[21:13:53] (ERROR): <function error at 0x04F535C8>
[21:25:17] (ERROR): <function error at 0x050425C8>
